<?xml version="1.0" encoding="utf-8"?><testsuites name="pytest tests"><testsuite name="pytest" errors="0" failures="0" skipped="0" tests="14" time="2.218" timestamp="2026-01-21T07:52:07.903769+00:00" hostname="agent-env-2eda719c-65b2-43fd-98c5-7faca27f65e3"><testcase classname="tests.test_new_features.TestStayReasons" name="test_get_stay_reasons" time="0.072" /><testcase classname="tests.test_new_features.TestUpsells" name="test_get_upsells_all" time="0.038" /><testcase classname="tests.test_new_features.TestUpsells" name="test_get_upsells_active_only" time="0.035" /><testcase classname="tests.test_new_features.TestUpsells" name="test_upsell_min_nights_filter" time="0.037" /><testcase classname="tests.test_new_features.TestUpsells" name="test_create_upsell" time="0.074" /><testcase classname="tests.test_new_features.TestUpsells" name="test_toggle_upsell_active" time="0.106" /><testcase classname="tests.test_new_features.TestCustomPrices" name="test_create_custom_prices" time="0.195" /><testcase classname="tests.test_new_features.TestCustomPrices" name="test_get_custom_prices_for_room" time="0.036" /><testcase classname="tests.test_new_features.TestCustomPrices" name="test_delete_custom_price" time="0.106" /><testcase classname="tests.test_new_features.TestBookingWithNewFeatures" name="test_booking_with_upsells_and_stay_reason" time="0.732" /><testcase classname="tests.test_new_features.TestBookingWithNewFeatures" name="test_booking_price_calculation_with_custom_prices" time="0.479" /><testcase classname="tests.test_new_features.TestAvailabilityWithCustomPrices" name="test_availability_includes_custom_prices" time="0.105" /><testcase classname="tests.test_new_features.TestAdminEndpoints" name="test_get_all_upsells_for_admin" time="0.036" /><testcase classname="tests.test_new_features.TestAdminEndpoints" name="test_update_upsell_details" time="0.103" /></testsuite></testsuites>